============================== Mace4 =================================
Mace4 (64) version 2009-11A, November 2009.
Process 10901 was started by alan on julien777hx,
Wed Apr 10 16:43:04 2024
The command was "mace4 -c -p 1".
============================== end of head ===========================

============================== INPUT =================================

formulas(assumptions).
end_of_list.

formulas(goals).
(all x all y (P(x,y) -> P(y,x))).
(all x all y all z (P(x,y) & P(y,z) -> P(x,z))).
(all x P(x,x)).
end_of_list.
    % set(print_models_tabular) -> clear(print_models).

% From the command line: set(print_models_tabular).

============================== end of input ==========================

============================== PROCESS NON-CLAUSAL FORMULAS ==========

% Formulas that are not ordinary clauses:

%%ERROR: If there are multiple goals, all must be positive:

%%START ERROR%%
(all x all y (P(x,y) -> P(y,x))).
%%END ERROR%%

Fatal error:  If there are multiple goals, all must be positive

